<?xml version="1.0" encoding="UTF-8"?>
<testng-results ignored="0" total="2" passed="2" failed="0" skipped="0">
  <reporter-output>
  </reporter-output>
  <suite started-at="2023-07-24T12:34:51 IST" name="Suite" finished-at="2023-07-24T12:35:05 IST" duration-ms="14071">
    <groups>
      <group name="Master">
        <method signature="TC_001Registration.registration()[pri:0, instance:testCases.TC_001Registration@36916eb0]" name="registration" class="testCases.TC_001Registration"/>
        <method signature="TC_002LoginPage.login()[pri:0, instance:testCases.TC_002LoginPage@6253c26]" name="login" class="testCases.TC_002LoginPage"/>
      </group> <!-- Master -->
      <group name="Sanity">
        <method signature="TC_002LoginPage.login()[pri:0, instance:testCases.TC_002LoginPage@6253c26]" name="login" class="testCases.TC_002LoginPage"/>
      </group> <!-- Sanity -->
      <group name="Regression">
        <method signature="TC_001Registration.registration()[pri:0, instance:testCases.TC_001Registration@36916eb0]" name="registration" class="testCases.TC_001Registration"/>
      </group> <!-- Regression -->
    </groups>
    <test started-at="2023-07-24T12:34:51 IST" name="Test" finished-at="2023-07-24T12:35:05 IST" duration-ms="14071">
      <class name="testCases.TC_002LoginPage">
        <test-method is-config="true" signature="setup(java.lang.String)[pri:0, instance:testCases.TC_002LoginPage@6253c26]" started-at="2023-07-24T12:34:58 IST" name="setup" finished-at="2023-07-24T12:35:01 IST" duration-ms="3204" status="PASS">
          <params>
            <param index="0">
              <value>
                <![CDATA[chrome]]>
              </value>
            </param>
          </params>
          <reporter-output>
          </reporter-output>
        </test-method> <!-- setup -->
        <test-method signature="login()[pri:0, instance:testCases.TC_002LoginPage@6253c26]" started-at="2023-07-24T12:35:01 IST" name="login" finished-at="2023-07-24T12:35:05 IST" duration-ms="4035" status="PASS">
          <reporter-output>
          </reporter-output>
        </test-method> <!-- login -->
        <test-method is-config="true" signature="tearDown()[pri:0, instance:testCases.TC_002LoginPage@6253c26]" started-at="2023-07-24T12:35:05 IST" name="tearDown" finished-at="2023-07-24T12:35:05 IST" duration-ms="115" status="PASS">
          <reporter-output>
          </reporter-output>
        </test-method> <!-- tearDown -->
      </class> <!-- testCases.TC_002LoginPage -->
      <class name="testCases.TC_001Registration">
        <test-method is-config="true" signature="setup(java.lang.String)[pri:0, instance:testCases.TC_001Registration@36916eb0]" started-at="2023-07-24T12:34:52 IST" name="setup" finished-at="2023-07-24T12:34:56 IST" duration-ms="4895" status="PASS">
          <params>
            <param index="0">
              <value>
                <![CDATA[chrome]]>
              </value>
            </param>
          </params>
          <reporter-output>
          </reporter-output>
        </test-method> <!-- setup -->
        <test-method signature="registration()[pri:0, instance:testCases.TC_001Registration@36916eb0]" started-at="2023-07-24T12:34:56 IST" name="registration" finished-at="2023-07-24T12:34:58 IST" duration-ms="1462" status="PASS">
          <reporter-output>
          </reporter-output>
        </test-method> <!-- registration -->
        <test-method is-config="true" signature="tearDown()[pri:0, instance:testCases.TC_001Registration@36916eb0]" started-at="2023-07-24T12:34:58 IST" name="tearDown" finished-at="2023-07-24T12:34:58 IST" duration-ms="109" status="PASS">
          <reporter-output>
          </reporter-output>
        </test-method> <!-- tearDown -->
      </class> <!-- testCases.TC_001Registration -->
    </test> <!-- Test -->
  </suite> <!-- Suite -->
</testng-results>
