<?xml version="1.0" encoding="UTF-8"?>
<testng-results ignored="0" total="2" passed="2" failed="0" skipped="0">
  <reporter-output>
  </reporter-output>
  <suite started-at="2023-07-23T22:16:20 IST" name="Suite" finished-at="2023-07-23T22:16:32 IST" duration-ms="11828">
    <groups>
      <group name="Master">
        <method signature="TC_001Registration.registration()[pri:0, instance:testCases.TC_001Registration@73eb439a]" name="registration" class="testCases.TC_001Registration"/>
        <method signature="TC_002LoginPage.login()[pri:0, instance:testCases.TC_002LoginPage@1040be71]" name="login" class="testCases.TC_002LoginPage"/>
      </group> <!-- Master -->
      <group name="Sanity">
        <method signature="TC_002LoginPage.login()[pri:0, instance:testCases.TC_002LoginPage@1040be71]" name="login" class="testCases.TC_002LoginPage"/>
      </group> <!-- Sanity -->
      <group name="Regression">
        <method signature="TC_001Registration.registration()[pri:0, instance:testCases.TC_001Registration@73eb439a]" name="registration" class="testCases.TC_001Registration"/>
      </group> <!-- Regression -->
    </groups>
    <test started-at="2023-07-23T22:16:20 IST" name="Test" finished-at="2023-07-23T22:16:32 IST" duration-ms="11828">
      <class name="testCases.TC_002LoginPage">
        <test-method is-config="true" signature="setup(java.lang.String)[pri:0, instance:testCases.TC_002LoginPage@1040be71]" started-at="2023-07-23T22:16:26 IST" name="setup" finished-at="2023-07-23T22:16:28 IST" duration-ms="2610" status="PASS">
          <params>
            <param index="0">
              <value>
                <![CDATA[chrome]]>
              </value>
            </param>
          </params>
          <reporter-output>
          </reporter-output>
        </test-method> <!-- setup -->
        <test-method signature="login()[pri:0, instance:testCases.TC_002LoginPage@1040be71]" started-at="2023-07-23T22:16:28 IST" name="login" finished-at="2023-07-23T22:16:32 IST" duration-ms="3776" status="PASS">
          <reporter-output>
          </reporter-output>
        </test-method> <!-- login -->
        <test-method is-config="true" signature="tearDown()[pri:0, instance:testCases.TC_002LoginPage@1040be71]" started-at="2023-07-23T22:16:32 IST" name="tearDown" finished-at="2023-07-23T22:16:32 IST" duration-ms="128" status="PASS">
          <reporter-output>
          </reporter-output>
        </test-method> <!-- tearDown -->
      </class> <!-- testCases.TC_002LoginPage -->
      <class name="testCases.TC_001Registration">
        <test-method is-config="true" signature="setup(java.lang.String)[pri:0, instance:testCases.TC_001Registration@73eb439a]" started-at="2023-07-23T22:16:21 IST" name="setup" finished-at="2023-07-23T22:16:24 IST" duration-ms="3884" status="PASS">
          <params>
            <param index="0">
              <value>
                <![CDATA[chrome]]>
              </value>
            </param>
          </params>
          <reporter-output>
          </reporter-output>
        </test-method> <!-- setup -->
        <test-method signature="registration()[pri:0, instance:testCases.TC_001Registration@73eb439a]" started-at="2023-07-23T22:16:25 IST" name="registration" finished-at="2023-07-23T22:16:26 IST" duration-ms="1105" status="PASS">
          <reporter-output>
          </reporter-output>
        </test-method> <!-- registration -->
        <test-method is-config="true" signature="tearDown()[pri:0, instance:testCases.TC_001Registration@73eb439a]" started-at="2023-07-23T22:16:26 IST" name="tearDown" finished-at="2023-07-23T22:16:26 IST" duration-ms="113" status="PASS">
          <reporter-output>
          </reporter-output>
        </test-method> <!-- tearDown -->
      </class> <!-- testCases.TC_001Registration -->
    </test> <!-- Test -->
  </suite> <!-- Suite -->
</testng-results>
